<?xml version="1.0" encoding="UTF-8"?>
<!-- Generated by org.testng.reporters.JUnitXMLReporter -->
<testsuite ignored="1" hostname="DESKTOP-KRK230S" failures="0" tests="3" name="Test" time="12.619" errors="0" timestamp="2023-11-05T16:40:35 IST">
  <testcase classname="Register.DWS_Register_02_Test" name="userRegistration" time="1.433"/>
  <testcase classname="Login.DWS_Login_01_Test" name="Login_to_application_withValidCredentials" time="0.829"/>
  <testcase classname="Login.DWS_Login_01_Test" name="Login_to_application_withValidCredentials" time="0.659"/>
  <testcase classname="Book.DWS_Book_04_Test" name="addBookToCart" time="0.0">
    <ignored/>
  </testcase> <!-- addBookToCart -->
</testsuite> <!-- Test -->
