<?xml version="1.0" encoding="UTF-8"?>
<testng-results ignored="0" total="1" passed="1" failed="0" skipped="0">
  <reporter-output>
  </reporter-output>
  <suite started-at="2023-11-15T20:42:10 IST" name="Default suite" finished-at="2023-11-15T20:42:19 IST" duration-ms="9135">
    <groups>
      <group name="System Group">
        <method signature="DWS_Cart_03_Test.addProductToCart()[pri:0, instance:Cart.DWS_Cart_03_Test@169e6180]" name="addProductToCart" class="Cart.DWS_Cart_03_Test"/>
      </group> <!-- System Group -->
    </groups>
    <test started-at="2023-11-15T20:42:10 IST" name="Default test" finished-at="2023-11-15T20:42:19 IST" duration-ms="9135">
      <class name="Cart.DWS_Cart_03_Test">
        <test-method is-config="true" signature="launchtheBrowserandNavigateToApplication()[pri:0, instance:Cart.DWS_Cart_03_Test@169e6180]" started-at="2023-11-15T20:42:10 IST" name="launchtheBrowserandNavigateToApplication" finished-at="2023-11-15T20:42:16 IST" duration-ms="5470" status="PASS">
          <reporter-output>
          </reporter-output>
        </test-method> <!-- launchtheBrowserandNavigateToApplication -->
        <test-method is-config="true" signature="loginToApplication()[pri:0, instance:Cart.DWS_Cart_03_Test@169e6180]" started-at="2023-11-15T20:42:16 IST" name="loginToApplication" finished-at="2023-11-15T20:42:16 IST" duration-ms="0" status="PASS">
          <reporter-output>
          </reporter-output>
        </test-method> <!-- loginToApplication -->
        <test-method signature="addProductToCart()[pri:0, instance:Cart.DWS_Cart_03_Test@169e6180]" started-at="2023-11-15T20:42:16 IST" name="addProductToCart" finished-at="2023-11-15T20:42:19 IST" duration-ms="3189" status="PASS">
          <reporter-output>
          </reporter-output>
        </test-method> <!-- addProductToCart -->
        <test-method is-config="true" signature="logoutFromApplication()[pri:0, instance:Cart.DWS_Cart_03_Test@169e6180]" started-at="2023-11-15T20:42:19 IST" name="logoutFromApplication" finished-at="2023-11-15T20:42:19 IST" duration-ms="0" status="PASS">
          <reporter-output>
          </reporter-output>
        </test-method> <!-- logoutFromApplication -->
        <test-method is-config="true" signature="teardownTheBrowser()[pri:0, instance:Cart.DWS_Cart_03_Test@169e6180]" started-at="2023-11-15T20:42:19 IST" name="teardownTheBrowser" finished-at="2023-11-15T20:42:19 IST" duration-ms="176" status="PASS">
          <reporter-output>
          </reporter-output>
        </test-method> <!-- teardownTheBrowser -->
      </class> <!-- Cart.DWS_Cart_03_Test -->
    </test> <!-- Default test -->
  </suite> <!-- Default suite -->
</testng-results>
